2021-11-03 02:27:56 Loading main app package /usr/lib/obsidian/obsidian.asar
2021-11-03 02:27:57 Checking for update using Github
2021-11-03 02:27:57 Success.
2021-11-03 02:27:57 Latest version is 0.12.19
2021-11-03 02:27:57 App is up to date.
2021-11-03 03:27:57 Checking for update using Github
2021-11-03 03:27:57 Success.
2021-11-03 03:27:57 Latest version is 0.12.19
2021-11-03 03:27:57 App is up to date.
2021-11-03 04:27:57 Checking for update using Github
2021-11-03 04:27:57 Failed to check for update using Github (net::ERR_ADDRESS_UNREACHABLE)
2021-11-03 04:27:57 Checking for update using obsidian.md
2021-11-03 04:28:01 Failed to check for update using obsidian.md (net::ERR_QUIC_PROTOCOL_ERROR)
2021-11-03 05:27:57 Checking for update using Github
2021-11-03 05:27:57 Failed to check for update using Github (net::ERR_ADDRESS_UNREACHABLE)
2021-11-03 05:27:57 Checking for update using obsidian.md
2021-11-03 05:28:14 Failed to check for update using obsidian.md (net::ERR_ADDRESS_UNREACHABLE)
2021-11-03 06:27:57 Checking for update using Github
2021-11-03 06:27:57 Success.
2021-11-03 06:27:57 Latest version is 0.12.19
2021-11-03 06:27:57 App is up to date.
2021-11-03 07:27:57 Checking for update using Github
2021-11-03 07:27:57 Success.
2021-11-03 07:27:57 Latest version is 0.12.19
2021-11-03 07:27:57 App is up to date.
2021-11-03 08:27:57 Checking for update using Github
2021-11-03 08:27:57 Success.
2021-11-03 08:27:57 Latest version is 0.12.19
2021-11-03 08:27:57 App is up to date.
2021-11-03 09:27:57 Checking for update using Github
2021-11-03 09:27:57 Success.
2021-11-03 09:27:57 Latest version is 0.12.19
2021-11-03 09:27:57 App is up to date.
2021-11-03 19:15:18 Loading main app package /usr/lib/obsidian/obsidian.asar
2021-11-03 19:15:18 Checking for update using Github
2021-11-03 19:15:19 Success.
2021-11-03 19:15:19 Latest version is 0.12.19
2021-11-03 19:15:19 App is up to date.
2021-11-04 21:29:09 Loading main app package /usr/lib/obsidian/obsidian.asar
2021-11-04 21:29:09 Checking for update using Github
2021-11-04 21:29:09 Success.
2021-11-04 21:29:09 Latest version is 0.12.19
2021-11-04 21:29:09 App is up to date.
2021-11-04 22:29:09 Checking for update using Github
2021-11-04 22:29:09 Success.
2021-11-04 22:29:09 Latest version is 0.12.19
2021-11-04 22:29:09 App is up to date.
2021-11-04 23:29:09 Checking for update using Github
2021-11-04 23:29:09 Success.
2021-11-04 23:29:09 Latest version is 0.12.19
2021-11-04 23:29:09 App is up to date.
2021-11-05 02:23:34 Loading main app package /usr/lib/obsidian/obsidian.asar
2021-11-05 02:23:35 Checking for update using Github
2021-11-05 02:23:35 Success.
2021-11-05 02:23:35 Latest version is 0.12.19
2021-11-05 02:23:35 App is up to date.
2021-11-05 03:23:34 Checking for update using Github
2021-11-05 03:23:35 Success.
2021-11-05 03:23:35 Latest version is 0.12.19
2021-11-05 03:23:35 App is up to date.
2021-11-05 04:23:35 Checking for update using Github
2021-11-05 04:23:35 Success.
2021-11-05 04:23:35 Latest version is 0.12.19
2021-11-05 04:23:35 App is up to date.
2021-11-05 05:23:35 Checking for update using Github
2021-11-05 05:23:35 Success.
2021-11-05 05:23:35 Latest version is 0.12.19
2021-11-05 05:23:35 App is up to date.
2021-11-05 06:23:35 Checking for update using Github
2021-11-05 06:23:35 Success.
2021-11-05 06:23:35 Latest version is 0.12.19
2021-11-05 06:23:35 App is up to date.
2021-11-05 07:23:35 Checking for update using Github
2021-11-05 07:23:35 Success.
2021-11-05 07:23:35 Latest version is 0.12.19
2021-11-05 07:23:35 App is up to date.
2021-11-05 20:08:28 Loading main app package /usr/lib/obsidian/obsidian.asar
2021-11-05 20:08:28 Checking for update using Github
2021-11-05 20:08:28 Success.
2021-11-05 20:08:28 Latest version is 0.12.19
2021-11-05 20:08:28 App is up to date.
2021-11-05 21:08:28 Checking for update using Github
2021-11-05 21:08:28 Success.
2021-11-05 21:08:28 Latest version is 0.12.19
2021-11-05 21:08:28 App is up to date.
2021-11-05 22:08:28 Checking for update using Github
2021-11-05 22:08:28 Success.
2021-11-05 22:08:28 Latest version is 0.12.19
2021-11-05 22:08:28 App is up to date.
2021-11-05 23:08:28 Checking for update using Github
2021-11-05 23:08:28 Success.
2021-11-05 23:08:28 Latest version is 0.12.19
2021-11-05 23:08:28 App is up to date.
2021-11-05 23:20:52 Loading main app package /usr/lib/obsidian/obsidian.asar
2021-11-05 23:20:52 Checking for update using Github
2021-11-06 00:08:28 Checking for update using Github
2021-11-06 00:08:28 Success.
2021-11-06 00:08:28 Latest version is 0.12.19
2021-11-06 00:08:28 App is up to date.
2021-11-06 01:08:28 Checking for update using Github
2021-11-06 01:08:28 Success.
2021-11-06 01:08:28 Latest version is 0.12.19
2021-11-06 01:08:28 App is up to date.
2021-11-06 02:08:28 Checking for update using Github
2021-11-06 02:08:28 Success.
2021-11-06 02:08:28 Latest version is 0.12.19
2021-11-06 02:08:28 App is up to date.
2021-11-09 16:34:42 Loading main app package /usr/lib/obsidian/obsidian.asar
2021-11-09 16:34:42 Checking for update using Github
2021-11-09 16:34:42 Success.
2021-11-09 16:34:42 Latest version is 0.12.19
2021-11-09 16:34:42 App is up to date.
2021-11-09 17:34:42 Checking for update using Github
2021-11-09 17:34:42 Success.
2021-11-09 17:34:42 Latest version is 0.12.19
2021-11-09 17:34:42 App is up to date.
2021-11-09 21:19:34 Loading main app package /usr/lib/obsidian/obsidian.asar
2021-11-09 21:19:34 Checking for update using Github
2021-11-09 21:19:34 Success.
2021-11-09 21:19:34 Latest version is 0.12.19
2021-11-09 21:19:34 App is up to date.
2021-11-09 22:19:34 Checking for update using Github
2021-11-09 22:19:34 Success.
2021-11-09 22:19:34 Latest version is 0.12.19
2021-11-09 22:19:34 App is up to date.
2021-11-09 23:29:00 Loading main app package /usr/lib/obsidian/obsidian.asar
2021-11-09 23:29:00 Checking for update using Github
2021-11-09 23:29:01 Success.
2021-11-09 23:29:01 Latest version is 0.12.19
2021-11-09 23:29:01 App is up to date.
2021-11-10 00:29:00 Checking for update using Github
2021-11-10 00:29:01 Success.
2021-11-10 00:29:01 Latest version is 0.12.19
2021-11-10 00:29:01 App is up to date.
2021-11-10 01:29:00 Checking for update using Github
2021-11-10 01:29:00 Success.
2021-11-10 01:29:00 Latest version is 0.12.19
2021-11-10 01:29:00 App is up to date.
2021-11-10 02:29:00 Checking for update using Github
2021-11-10 02:29:00 Success.
2021-11-10 02:29:00 Latest version is 0.12.19
2021-11-10 02:29:00 App is up to date.
2021-11-10 03:29:00 Checking for update using Github
2021-11-10 03:29:01 Success.
2021-11-10 03:29:01 Latest version is 0.12.19
2021-11-10 03:29:01 App is up to date.
2021-11-10 20:00:19 Loading main app package /usr/lib/obsidian/obsidian.asar
2021-11-10 20:00:20 Checking for update using Github
2021-11-10 20:00:20 Success.
2021-11-10 20:00:20 Latest version is 0.12.19
2021-11-10 20:00:20 App is up to date.
2021-11-10 21:00:19 Checking for update using Github
2021-11-10 21:00:19 Success.
2021-11-10 21:00:19 Latest version is 0.12.19
2021-11-10 21:00:19 App is up to date.
2021-11-10 22:00:19 Checking for update using Github
2021-11-10 22:00:20 Success.
2021-11-10 22:00:20 Latest version is 0.12.19
2021-11-10 22:00:20 App is up to date.
2021-11-10 23:00:20 Checking for update using Github
2021-11-10 23:00:20 Success.
2021-11-10 23:00:20 Latest version is 0.12.19
2021-11-10 23:00:20 App is up to date.
2021-11-13 19:55:10 Loading main app package /usr/lib/obsidian/obsidian.asar
2021-11-13 19:55:10 Checking for update using Github
2021-11-13 19:55:10 Success.
2021-11-13 19:55:10 Latest version is 0.12.19
2021-11-13 19:55:10 App is up to date.
2021-11-13 20:55:10 Checking for update using Github
2021-11-13 20:55:10 Success.
2021-11-13 20:55:10 Latest version is 0.12.19
2021-11-13 20:55:10 App is up to date.
2021-11-13 21:55:10 Checking for update using Github
2021-11-13 21:55:10 Success.
2021-11-13 21:55:10 Latest version is 0.12.19
2021-11-13 21:55:10 App is up to date.
2021-11-13 22:55:10 Checking for update using Github
2021-11-13 22:55:10 Success.
2021-11-13 22:55:10 Latest version is 0.12.19
2021-11-13 22:55:10 App is up to date.
2021-11-13 23:55:10 Checking for update using Github
2021-11-13 23:55:10 Success.
2021-11-13 23:55:10 Latest version is 0.12.19
2021-11-13 23:55:10 App is up to date.
2021-11-14 00:55:10 Checking for update using Github
2021-11-14 00:55:10 Success.
2021-11-14 00:55:10 Latest version is 0.12.19
2021-11-14 00:55:10 App is up to date.
2021-11-14 01:55:10 Checking for update using Github
2021-11-14 01:55:11 Success.
2021-11-14 01:55:11 Latest version is 0.12.19
2021-11-14 01:55:11 App is up to date.
2021-11-14 03:42:45 Loading main app package /usr/lib/obsidian/obsidian.asar
2021-11-14 03:42:45 Checking for update using Github
2021-11-14 03:42:45 Success.
2021-11-14 03:42:45 Latest version is 0.12.19
2021-11-14 03:42:45 App is up to date.
2021-11-14 04:42:45 Checking for update using Github
2021-11-14 04:42:45 Success.
2021-11-14 04:42:45 Latest version is 0.12.19
2021-11-14 04:42:45 App is up to date.
2021-11-14 05:42:45 Checking for update using Github
2021-11-14 05:42:45 Success.
2021-11-14 05:42:45 Latest version is 0.12.19
2021-11-14 05:42:45 App is up to date.
2021-11-14 06:42:45 Checking for update using Github
2021-11-14 06:42:45 Success.
2021-11-14 06:42:45 Latest version is 0.12.19
2021-11-14 06:42:45 App is up to date.
2021-11-14 07:42:45 Checking for update using Github
2021-11-14 07:42:45 Success.
2021-11-14 07:42:45 Latest version is 0.12.19
2021-11-14 07:42:45 App is up to date.
2021-11-14 17:52:08 Loading main app package /usr/lib/obsidian/obsidian.asar
2021-11-14 17:52:09 Checking for update using Github
2021-11-14 17:52:09 Success.
2021-11-14 17:52:09 Latest version is 0.12.19
2021-11-14 17:52:09 App is up to date.
2021-11-14 18:52:08 Checking for update using Github
2021-11-14 18:52:09 Success.
2021-11-14 18:52:09 Latest version is 0.12.19
2021-11-14 18:52:09 App is up to date.
2021-11-14 19:52:08 Checking for update using Github
2021-11-14 19:52:09 Success.
2021-11-14 19:52:09 Latest version is 0.12.19
2021-11-14 19:52:09 App is up to date.
2021-11-14 20:52:09 Checking for update using Github
2021-11-14 20:52:09 Success.
2021-11-14 20:52:09 Latest version is 0.12.19
2021-11-14 20:52:09 App is up to date.
2021-11-14 21:52:09 Checking for update using Github
2021-11-14 21:52:09 Success.
2021-11-14 21:52:09 Latest version is 0.12.19
2021-11-14 21:52:09 App is up to date.
2021-11-14 22:52:09 Checking for update using Github
2021-11-14 22:52:09 Success.
2021-11-14 22:52:09 Latest version is 0.12.19
2021-11-14 22:52:09 App is up to date.
2021-11-14 23:52:09 Checking for update using Github
2021-11-14 23:52:09 Success.
2021-11-14 23:52:09 Latest version is 0.12.19
2021-11-14 23:52:09 App is up to date.
2021-11-15 00:52:09 Checking for update using Github
2021-11-15 00:52:09 Success.
2021-11-15 00:52:09 Latest version is 0.12.19
2021-11-15 00:52:09 App is up to date.
2021-11-15 01:52:09 Checking for update using Github
2021-11-15 01:52:09 Success.
2021-11-15 01:52:09 Latest version is 0.12.19
2021-11-15 01:52:09 App is up to date.
2021-11-15 02:52:09 Checking for update using Github
2021-11-15 02:52:09 Success.
2021-11-15 02:52:09 Latest version is 0.12.19
2021-11-15 02:52:09 App is up to date.
2021-11-15 03:52:09 Checking for update using Github
2021-11-15 03:52:09 Success.
2021-11-15 03:52:09 Latest version is 0.12.19
2021-11-15 03:52:09 App is up to date.
2021-11-15 04:52:09 Checking for update using Github
2021-11-15 04:52:09 Success.
2021-11-15 04:52:09 Latest version is 0.12.19
2021-11-15 04:52:09 App is up to date.
2021-11-15 05:52:09 Checking for update using Github
2021-11-15 05:52:09 Success.
2021-11-15 05:52:09 Latest version is 0.12.19
2021-11-15 05:52:09 App is up to date.
2021-11-15 06:52:10 Checking for update using Github
2021-11-15 06:52:10 Success.
2021-11-15 06:52:10 Latest version is 0.12.19
2021-11-15 06:52:10 App is up to date.
2021-11-15 07:52:10 Checking for update using Github
2021-11-15 07:52:10 Success.
2021-11-15 07:52:10 Latest version is 0.12.19
2021-11-15 07:52:10 App is up to date.
2021-11-18 18:31:29 Loading main app package /usr/lib/obsidian/obsidian.asar
2021-11-18 18:31:29 Checking for update using Github
2021-11-18 18:31:29 Success.
2021-11-18 18:31:29 Latest version is 0.12.19
2021-11-18 18:31:29 App is up to date.
2021-11-18 19:31:29 Checking for update using Github
2021-11-18 19:31:29 Success.
2021-11-18 19:31:29 Latest version is 0.12.19
2021-11-18 19:31:29 App is up to date.
2021-11-18 20:31:29 Checking for update using Github
2021-11-18 20:31:35 Success.
2021-11-18 20:31:35 Latest version is 0.12.19
2021-11-18 20:31:35 App is up to date.
